db_connect ok
Server listening on port 9090
{"ts":"2025-08-15 23:05:46.219","lvl":"INFO","event":"metrics","status":"SNAPSHOT"}
{"ts":"2025-08-15 23:06:26.453","lvl":"INFO","event":"metrics","status":"SNAPSHOT"}
db_connect ok
{"ts":"2025-08-15 23:06:41.294","lvl":"INFO","event":"tx","status":"APPROVED","latency_us":14991}
{"ts":"2025-08-15 23:06:41.296","lvl":"INFO","event":"tx","status":"APPROVED","latency_us":1473}
{"ts":"2025-08-15 23:06:41.298","lvl":"INFO","event":"tx","status":"APPROVED","latency_us":1218}
{"ts":"2025-08-15 23:06:41.301","lvl":"INFO","event":"tx","status":"APPROVED","latency_us":1280}
{"ts":"2025-08-15 23:06:41.303","lvl":"INFO","event":"tx","status":"APPROVED","latency_us":1094}
{"ts":"2025-08-15 23:06:41.305","lvl":"INFO","event":"tx","status":"APPROVED","latency_us":1230}
{"ts":"2025-08-15 23:06:41.307","lvl":"INFO","event":"tx","status":"APPROVED","latency_us":1085}
{"ts":"2025-08-15 23:06:41.309","lvl":"INFO","event":"tx","status":"APPROVED","latency_us":1027}
{"ts":"2025-08-15 23:06:41.311","lvl":"INFO","event":"tx","status":"APPROVED","latency_us":1071}
{"ts":"2025-08-15 23:06:41.313","lvl":"INFO","event":"tx","status":"APPROVED","latency_us":1184}
{"ts":"2025-08-15 23:06:41.315","lvl":"INFO","event":"tx","status":"APPROVED","latency_us":1162}
{"ts":"2025-08-15 23:06:41.318","lvl":"INFO","event":"tx","status":"APPROVED","latency_us":1089}
{"ts":"2025-08-15 23:06:41.320","lvl":"INFO","event":"tx","status":"APPROVED","latency_us":1095}
{"ts":"2025-08-15 23:06:41.322","lvl":"INFO","event":"tx","status":"APPROVED","latency_us":1075}
{"ts":"2025-08-15 23:06:41.324","lvl":"INFO","event":"tx","status":"APPROVED","latency_us":1104}
{"ts":"2025-08-15 23:06:41.326","lvl":"INFO","event":"tx","status":"APPROVED","latency_us":975}
{"ts":"2025-08-15 23:06:41.328","lvl":"INFO","event":"tx","status":"APPROVED","latency_us":1073}
{"ts":"2025-08-15 23:06:41.330","lvl":"INFO","event":"tx","status":"APPROVED","latency_us":1226}
{"ts":"2025-08-15 23:06:41.332","lvl":"INFO","event":"tx","status":"APPROVED","latency_us":1009}
{"ts":"2025-08-15 23:06:41.334","lvl":"INFO","event":"tx","status":"APPROVED","latency_us":1235}
{"ts":"2025-08-15 23:06:41.335","lvl":"WARN","event":"tx","status":"DECLINED"}
{"ts":"2025-08-15 23:06:41.336","lvl":"WARN","event":"tx","status":"DECLINED"}
{"ts":"2025-08-15 23:06:41.337","lvl":"WARN","event":"tx","status":"DECLINED"}
{"ts":"2025-08-15 23:06:41.337","lvl":"WARN","event":"tx","status":"DECLINED"}
{"ts":"2025-08-15 23:06:41.338","lvl":"WARN","event":"tx","status":"DECLINED"}
{"ts":"2025-08-15 23:06:41.339","lvl":"WARN","event":"tx","status":"DECLINED"}
{"ts":"2025-08-15 23:06:41.339","lvl":"WARN","event":"tx","status":"DECLINED"}
{"ts":"2025-08-15 23:06:41.340","lvl":"WARN","event":"tx","status":"DECLINED"}
{"ts":"2025-08-15 23:06:41.341","lvl":"WARN","event":"tx","status":"DECLINED"}
{"ts":"2025-08-15 23:06:41.341","lvl":"WARN","event":"tx","status":"DECLINED"}
{"ts":"2025-08-15 23:06:41.342","lvl":"WARN","event":"tx","status":"DECLINED"}
{"ts":"2025-08-15 23:06:41.343","lvl":"WARN","event":"tx","status":"DECLINED"}
{"ts":"2025-08-15 23:06:41.343","lvl":"WARN","event":"tx","status":"DECLINED"}
{"ts":"2025-08-15 23:06:41.344","lvl":"WARN","event":"tx","status":"DECLINED"}
{"ts":"2025-08-15 23:06:41.345","lvl":"WARN","event":"tx","status":"DECLINED"}
{"ts":"2025-08-15 23:06:41.345","lvl":"WARN","event":"tx","status":"DECLINED"}
{"ts":"2025-08-15 23:06:41.346","lvl":"WARN","event":"tx","status":"DECLINED"}
{"ts":"2025-08-15 23:06:41.347","lvl":"WARN","event":"tx","status":"DECLINED"}
{"ts":"2025-08-15 23:06:41.347","lvl":"WARN","event":"tx","status":"DECLINED"}
{"ts":"2025-08-15 23:06:41.348","lvl":"WARN","event":"tx","status":"DECLINED"}
{"ts":"2025-08-15 23:06:41.349","lvl":"WARN","event":"tx","status":"DECLINED"}
{"ts":"2025-08-15 23:06:41.349","lvl":"WARN","event":"tx","status":"DECLINED"}
{"ts":"2025-08-15 23:06:41.350","lvl":"WARN","event":"tx","status":"DECLINED"}
{"ts":"2025-08-15 23:06:41.351","lvl":"WARN","event":"tx","status":"DECLINED"}
{"ts":"2025-08-15 23:06:41.351","lvl":"WARN","event":"tx","status":"DECLINED"}
{"ts":"2025-08-15 23:06:41.352","lvl":"WARN","event":"tx","status":"DECLINED"}
{"ts":"2025-08-15 23:06:41.353","lvl":"WARN","event":"tx","status":"DECLINED"}
{"ts":"2025-08-15 23:06:41.354","lvl":"WARN","event":"tx","status":"DECLINED"}
{"ts":"2025-08-15 23:06:41.354","lvl":"WARN","event":"tx","status":"DECLINED"}
{"ts":"2025-08-15 23:06:41.355","lvl":"WARN","event":"tx","status":"DECLINED"}
{"ts":"2025-08-15 23:06:41.356","lvl":"WARN","event":"tx","status":"DECLINED"}
{"ts":"2025-08-15 23:06:41.356","lvl":"WARN","event":"tx","status":"DECLINED"}
{"ts":"2025-08-15 23:06:41.357","lvl":"WARN","event":"tx","status":"DECLINED"}
{"ts":"2025-08-15 23:06:41.357","lvl":"WARN","event":"tx","status":"DECLINED"}
{"ts":"2025-08-15 23:06:41.358","lvl":"WARN","event":"tx","status":"DECLINED"}
{"ts":"2025-08-15 23:06:41.358","lvl":"WARN","event":"tx","status":"DECLINED"}
{"ts":"2025-08-15 23:06:41.359","lvl":"WARN","event":"tx","status":"DECLINED"}
{"ts":"2025-08-15 23:06:41.360","lvl":"WARN","event":"tx","status":"DECLINED"}
{"ts":"2025-08-15 23:06:41.360","lvl":"WARN","event":"tx","status":"DECLINED"}
{"ts":"2025-08-15 23:06:41.361","lvl":"WARN","event":"tx","status":"DECLINED"}
{"ts":"2025-08-15 23:06:41.362","lvl":"WARN","event":"tx","status":"DECLINED"}
{"ts":"2025-08-15 23:06:41.362","lvl":"WARN","event":"tx","status":"DECLINED"}
{"ts":"2025-08-15 23:06:41.363","lvl":"WARN","event":"tx","status":"DECLINED"}
{"ts":"2025-08-15 23:06:41.364","lvl":"WARN","event":"tx","status":"DECLINED"}
{"ts":"2025-08-15 23:06:41.364","lvl":"WARN","event":"tx","status":"DECLINED"}
{"ts":"2025-08-15 23:06:41.365","lvl":"WARN","event":"tx","status":"DECLINED"}
{"ts":"2025-08-15 23:06:41.366","lvl":"WARN","event":"tx","status":"DECLINED"}
{"ts":"2025-08-15 23:06:41.366","lvl":"WARN","event":"tx","status":"DECLINED"}
{"ts":"2025-08-15 23:06:41.367","lvl":"WARN","event":"tx","status":"DECLINED"}
{"ts":"2025-08-15 23:06:41.368","lvl":"WARN","event":"tx","status":"DECLINED"}
{"ts":"2025-08-15 23:06:41.368","lvl":"WARN","event":"tx","status":"DECLINED"}
{"ts":"2025-08-15 23:06:41.369","lvl":"WARN","event":"tx","status":"DECLINED"}
{"ts":"2025-08-15 23:06:41.370","lvl":"WARN","event":"tx","status":"DECLINED"}
{"ts":"2025-08-15 23:06:41.370","lvl":"WARN","event":"tx","status":"DECLINED"}
{"ts":"2025-08-15 23:06:41.371","lvl":"WARN","event":"tx","status":"DECLINED"}
{"ts":"2025-08-15 23:06:41.372","lvl":"WARN","event":"tx","status":"DECLINED"}
{"ts":"2025-08-15 23:06:41.373","lvl":"WARN","event":"tx","status":"DECLINED"}
{"ts":"2025-08-15 23:06:41.373","lvl":"WARN","event":"tx","status":"DECLINED"}
{"ts":"2025-08-15 23:06:41.374","lvl":"WARN","event":"tx","status":"DECLINED"}
{"ts":"2025-08-15 23:06:41.375","lvl":"WARN","event":"tx","status":"DECLINED"}
{"ts":"2025-08-15 23:06:41.375","lvl":"WARN","event":"tx","status":"DECLINED"}
{"ts":"2025-08-15 23:06:41.376","lvl":"WARN","event":"tx","status":"DECLINED"}
{"ts":"2025-08-15 23:06:41.377","lvl":"WARN","event":"tx","status":"DECLINED"}
{"ts":"2025-08-15 23:06:41.377","lvl":"WARN","event":"tx","status":"DECLINED"}
{"ts":"2025-08-15 23:06:41.378","lvl":"WARN","event":"tx","status":"DECLINED"}
{"ts":"2025-08-15 23:06:41.379","lvl":"WARN","event":"tx","status":"DECLINED"}
{"ts":"2025-08-15 23:06:41.379","lvl":"WARN","event":"tx","status":"DECLINED"}
{"ts":"2025-08-15 23:06:41.380","lvl":"WARN","event":"tx","status":"DECLINED"}
{"ts":"2025-08-15 23:06:41.380","lvl":"WARN","event":"tx","status":"DECLINED"}
{"ts":"2025-08-15 23:06:41.381","lvl":"WARN","event":"tx","status":"DECLINED"}
{"ts":"2025-08-15 23:06:41.382","lvl":"WARN","event":"tx","status":"DECLINED"}
{"ts":"2025-08-15 23:06:41.382","lvl":"WARN","event":"tx","status":"DECLINED"}
{"ts":"2025-08-15 23:06:41.383","lvl":"WARN","event":"tx","status":"DECLINED"}
{"ts":"2025-08-15 23:06:41.384","lvl":"WARN","event":"tx","status":"DECLINED"}
{"ts":"2025-08-15 23:06:41.385","lvl":"WARN","event":"tx","status":"DECLINED"}
{"ts":"2025-08-15 23:06:41.385","lvl":"WARN","event":"tx","status":"DECLINED"}
{"ts":"2025-08-15 23:06:41.386","lvl":"WARN","event":"tx","status":"DECLINED"}
{"ts":"2025-08-15 23:06:41.387","lvl":"WARN","event":"tx","status":"DECLINED"}
{"ts":"2025-08-15 23:06:41.387","lvl":"WARN","event":"tx","status":"DECLINED"}
{"ts":"2025-08-15 23:06:41.388","lvl":"WARN","event":"tx","status":"DECLINED"}
{"ts":"2025-08-15 23:06:41.389","lvl":"WARN","event":"tx","status":"DECLINED"}
{"ts":"2025-08-15 23:06:41.389","lvl":"WARN","event":"tx","status":"DECLINED"}
{"ts":"2025-08-15 23:06:41.390","lvl":"WARN","event":"tx","status":"DECLINED"}
{"ts":"2025-08-15 23:06:41.391","lvl":"WARN","event":"tx","status":"DECLINED"}
{"ts":"2025-08-15 23:06:41.391","lvl":"WARN","event":"tx","status":"DECLINED"}
{"ts":"2025-08-15 23:06:41.392","lvl":"WARN","event":"tx","status":"DECLINED"}
{"ts":"2025-08-15 23:06:41.393","lvl":"WARN","event":"tx","status":"DECLINED"}
{"ts":"2025-08-15 23:06:41.393","lvl":"WARN","event":"tx","status":"DECLINED"}
{"ts":"2025-08-15 23:06:41.394","lvl":"WARN","event":"tx","status":"DECLINED"}
{"ts":"2025-08-15 23:06:41.395","lvl":"WARN","event":"tx","status":"DECLINED"}
{"ts":"2025-08-15 23:06:41.395","lvl":"WARN","event":"tx","status":"DECLINED"}
{"ts":"2025-08-15 23:06:41.396","lvl":"WARN","event":"tx","status":"DECLINED"}
{"ts":"2025-08-15 23:06:41.396","lvl":"WARN","event":"tx","status":"DECLINED"}
{"ts":"2025-08-15 23:06:41.397","lvl":"WARN","event":"tx","status":"DECLINED"}
{"ts":"2025-08-15 23:06:41.398","lvl":"WARN","event":"tx","status":"DECLINED"}
{"ts":"2025-08-15 23:06:41.399","lvl":"WARN","event":"tx","status":"DECLINED"}
{"ts":"2025-08-15 23:06:41.399","lvl":"WARN","event":"tx","status":"DECLINED"}
{"ts":"2025-08-15 23:06:41.400","lvl":"WARN","event":"tx","status":"DECLINED"}
{"ts":"2025-08-15 23:06:41.401","lvl":"WARN","event":"tx","status":"DECLINED"}
{"ts":"2025-08-15 23:06:41.401","lvl":"WARN","event":"tx","status":"DECLINED"}
{"ts":"2025-08-15 23:06:41.402","lvl":"WARN","event":"tx","status":"DECLINED"}
{"ts":"2025-08-15 23:06:41.403","lvl":"WARN","event":"tx","status":"DECLINED"}
{"ts":"2025-08-15 23:06:41.404","lvl":"WARN","event":"tx","status":"DECLINED"}
{"ts":"2025-08-15 23:06:41.404","lvl":"WARN","event":"tx","status":"DECLINED"}
{"ts":"2025-08-15 23:06:41.405","lvl":"WARN","event":"tx","status":"DECLINED"}
{"ts":"2025-08-15 23:06:41.406","lvl":"WARN","event":"tx","status":"DECLINED"}
{"ts":"2025-08-15 23:06:41.407","lvl":"WARN","event":"tx","status":"DECLINED"}
{"ts":"2025-08-15 23:06:41.407","lvl":"WARN","event":"tx","status":"DECLINED"}
{"ts":"2025-08-15 23:06:41.408","lvl":"WARN","event":"tx","status":"DECLINED"}
{"ts":"2025-08-15 23:06:41.408","lvl":"WARN","event":"tx","status":"DECLINED"}
{"ts":"2025-08-15 23:06:41.409","lvl":"WARN","event":"tx","status":"DECLINED"}
{"ts":"2025-08-15 23:06:41.410","lvl":"WARN","event":"tx","status":"DECLINED"}
{"ts":"2025-08-15 23:06:41.410","lvl":"WARN","event":"tx","status":"DECLINED"}
{"ts":"2025-08-15 23:06:41.411","lvl":"WARN","event":"tx","status":"DECLINED"}
{"ts":"2025-08-15 23:06:41.412","lvl":"WARN","event":"tx","status":"DECLINED"}
{"ts":"2025-08-15 23:06:41.412","lvl":"WARN","event":"tx","status":"DECLINED"}
{"ts":"2025-08-15 23:06:41.413","lvl":"WARN","event":"tx","status":"DECLINED"}
{"ts":"2025-08-15 23:06:41.414","lvl":"WARN","event":"tx","status":"DECLINED"}
{"ts":"2025-08-15 23:06:41.414","lvl":"WARN","event":"tx","status":"DECLINED"}
{"ts":"2025-08-15 23:06:41.415","lvl":"WARN","event":"tx","status":"DECLINED"}
{"ts":"2025-08-15 23:06:41.415","lvl":"WARN","event":"tx","status":"DECLINED"}
{"ts":"2025-08-15 23:06:41.416","lvl":"WARN","event":"tx","status":"DECLINED"}
{"ts":"2025-08-15 23:06:41.417","lvl":"WARN","event":"tx","status":"DECLINED"}
{"ts":"2025-08-15 23:06:41.418","lvl":"WARN","event":"tx","status":"DECLINED"}
{"ts":"2025-08-15 23:06:41.419","lvl":"WARN","event":"tx","status":"DECLINED"}
{"ts":"2025-08-15 23:06:41.419","lvl":"WARN","event":"tx","status":"DECLINED"}
{"ts":"2025-08-15 23:06:41.420","lvl":"WARN","event":"tx","status":"DECLINED"}
{"ts":"2025-08-15 23:06:41.420","lvl":"WARN","event":"tx","status":"DECLINED"}
{"ts":"2025-08-15 23:06:41.421","lvl":"WARN","event":"tx","status":"DECLINED"}
{"ts":"2025-08-15 23:06:41.421","lvl":"WARN","event":"tx","status":"DECLINED"}
{"ts":"2025-08-15 23:06:41.422","lvl":"WARN","event":"tx","status":"DECLINED"}
{"ts":"2025-08-15 23:06:41.422","lvl":"WARN","event":"tx","status":"DECLINED"}
{"ts":"2025-08-15 23:06:41.423","lvl":"WARN","event":"tx","status":"DECLINED"}
{"ts":"2025-08-15 23:06:41.424","lvl":"WARN","event":"tx","status":"DECLINED"}
{"ts":"2025-08-15 23:06:41.424","lvl":"WARN","event":"tx","status":"DECLINED"}
{"ts":"2025-08-15 23:06:41.425","lvl":"WARN","event":"tx","status":"DECLINED"}
{"ts":"2025-08-15 23:06:41.426","lvl":"WARN","event":"tx","status":"DECLINED"}
{"ts":"2025-08-15 23:06:41.426","lvl":"WARN","event":"tx","status":"DECLINED"}
{"ts":"2025-08-15 23:06:41.427","lvl":"WARN","event":"tx","status":"DECLINED"}
{"ts":"2025-08-15 23:06:41.428","lvl":"WARN","event":"tx","status":"DECLINED"}
{"ts":"2025-08-15 23:06:41.428","lvl":"WARN","event":"tx","status":"DECLINED"}
{"ts":"2025-08-15 23:06:41.429","lvl":"WARN","event":"tx","status":"DECLINED"}
{"ts":"2025-08-15 23:06:41.430","lvl":"WARN","event":"tx","status":"DECLINED"}
{"ts":"2025-08-15 23:06:41.430","lvl":"WARN","event":"tx","status":"DECLINED"}
{"ts":"2025-08-15 23:06:41.431","lvl":"WARN","event":"tx","status":"DECLINED"}
{"ts":"2025-08-15 23:06:41.431","lvl":"WARN","event":"tx","status":"DECLINED"}
{"ts":"2025-08-15 23:06:41.432","lvl":"WARN","event":"tx","status":"DECLINED"}
{"ts":"2025-08-15 23:06:41.433","lvl":"WARN","event":"tx","status":"DECLINED"}
{"ts":"2025-08-15 23:06:41.434","lvl":"WARN","event":"tx","status":"DECLINED"}
{"ts":"2025-08-15 23:06:41.434","lvl":"WARN","event":"tx","status":"DECLINED"}
{"ts":"2025-08-15 23:06:41.435","lvl":"WARN","event":"tx","status":"DECLINED"}
{"ts":"2025-08-15 23:06:41.436","lvl":"WARN","event":"tx","status":"DECLINED"}
{"ts":"2025-08-15 23:06:41.436","lvl":"WARN","event":"tx","status":"DECLINED"}
{"ts":"2025-08-15 23:06:41.437","lvl":"WARN","event":"tx","status":"DECLINED"}
{"ts":"2025-08-15 23:06:41.437","lvl":"WARN","event":"tx","status":"DECLINED"}
{"ts":"2025-08-15 23:06:41.438","lvl":"WARN","event":"tx","status":"DECLINED"}
{"ts":"2025-08-15 23:06:41.439","lvl":"WARN","event":"tx","status":"DECLINED"}
{"ts":"2025-08-15 23:06:41.440","lvl":"WARN","event":"tx","status":"DECLINED"}
{"ts":"2025-08-15 23:06:41.440","lvl":"WARN","event":"tx","status":"DECLINED"}
{"ts":"2025-08-15 23:06:41.441","lvl":"WARN","event":"tx","status":"DECLINED"}
{"ts":"2025-08-15 23:06:41.441","lvl":"WARN","event":"tx","status":"DECLINED"}
{"ts":"2025-08-15 23:06:41.442","lvl":"WARN","event":"tx","status":"DECLINED"}
{"ts":"2025-08-15 23:06:41.443","lvl":"WARN","event":"tx","status":"DECLINED"}
{"ts":"2025-08-15 23:06:41.444","lvl":"WARN","event":"tx","status":"DECLINED"}
{"ts":"2025-08-15 23:06:41.445","lvl":"WARN","event":"tx","status":"DECLINED"}
{"ts":"2025-08-15 23:06:41.445","lvl":"WARN","event":"tx","status":"DECLINED"}
{"ts":"2025-08-15 23:06:41.446","lvl":"WARN","event":"tx","status":"DECLINED"}
{"ts":"2025-08-15 23:06:41.447","lvl":"WARN","event":"tx","status":"DECLINED"}
{"ts":"2025-08-15 23:06:41.447","lvl":"WARN","event":"tx","status":"DECLINED"}
{"ts":"2025-08-15 23:06:41.448","lvl":"WARN","event":"tx","status":"DECLINED"}
{"ts":"2025-08-15 23:06:41.449","lvl":"WARN","event":"tx","status":"DECLINED"}
{"ts":"2025-08-15 23:06:41.450","lvl":"WARN","event":"tx","status":"DECLINED"}
{"ts":"2025-08-15 23:06:41.450","lvl":"WARN","event":"tx","status":"DECLINED"}
{"ts":"2025-08-15 23:06:41.451","lvl":"WARN","event":"tx","status":"DECLINED"}
{"ts":"2025-08-15 23:06:41.452","lvl":"WARN","event":"tx","status":"DECLINED"}
{"ts":"2025-08-15 23:06:41.453","lvl":"WARN","event":"tx","status":"DECLINED"}
{"ts":"2025-08-15 23:06:41.453","lvl":"WARN","event":"tx","status":"DECLINED"}
{"ts":"2025-08-15 23:06:41.454","lvl":"WARN","event":"tx","status":"DECLINED"}
{"ts":"2025-08-15 23:06:41.455","lvl":"WARN","event":"tx","status":"DECLINED"}
