1755320409|test_txn_001|INIT|BEGIN
1755320409|test_txn_001|PREPARING|PREPARE_START
1755320409|test_txn_001|PREPARED|PREPARED
1755320409|test_txn_001|COMMITTING|COMMIT_START
1755320409|test_txn_001|COMMITTED|COMMITTED
1755320409|test_txn_002|INIT|BEGIN
1755320409|test_txn_002|PREPARING|PREPARE_START
1755320410|test_txn_002|ABORTING|ABORT_START
1755320410|test_txn_002|ABORTED|ABORTED
1755320410|test_txn_003|INIT|BEGIN
1755320410|test_txn_003|PREPARING|PREPARE_START
1755320410|test_txn_003|PREPARED|PREPARED
1755320410|test_txn_003|COMMITTING|COMMIT_START
1755320410|test_txn_003|ABORTING|ABORT_START
1755320410|test_txn_003|ABORTED|ABORTED
1755320410|test_txn_004|INIT|BEGIN
1755320410|test_txn_004|ABORTING|ABORT_EXPLICIT
1755320410|test_txn_004|ABORTED|ABORTED
1755320410|test_txn_005|INIT|BEGIN
1755320410|test_txn_006|INIT|BEGIN
1755320410|test_txn_007|INIT|BEGIN
1755320410|test_txn_005|ABORTING|ABORT_EXPLICIT
1755320410|test_txn_005|ABORTED|ABORTED
1755320410|test_txn_006|ABORTING|ABORT_EXPLICIT
1755320410|test_txn_006|ABORTED|ABORTED
1755320410|test_txn_007|ABORTING|ABORT_EXPLICIT
1755320410|test_txn_007|ABORTED|ABORTED
1755320410|test_txn_lookup|INIT|BEGIN
1755320410|test_txn_lookup|ABORTING|ABORT_EXPLICIT
1755320410|test_txn_lookup|ABORTED|ABORTED
1755357371|test_txn_001|INIT|BEGIN
1755357371|test_txn_001|PREPARING|PREPARE_START
1755357371|test_txn_001|PREPARED|PREPARED
1755357371|test_txn_001|COMMITTING|COMMIT_START
1755357371|test_txn_001|COMMITTED|COMMITTED
1755357371|test_txn_002|INIT|BEGIN
1755357371|test_txn_002|PREPARING|PREPARE_START
1755357371|test_txn_002|ABORTING|ABORT_START
1755357371|test_txn_002|ABORTED|ABORTED
1755357371|test_txn_003|INIT|BEGIN
1755357371|test_txn_003|PREPARING|PREPARE_START
1755357371|test_txn_003|PREPARED|PREPARED
1755357371|test_txn_003|COMMITTING|COMMIT_START
1755357371|test_txn_003|ABORTING|ABORT_START
1755357371|test_txn_003|ABORTED|ABORTED
1755357371|test_txn_004|INIT|BEGIN
1755357371|test_txn_004|ABORTING|ABORT_EXPLICIT
1755357371|test_txn_004|ABORTED|ABORTED
1755357371|test_txn_005|INIT|BEGIN
1755357371|test_txn_006|INIT|BEGIN
1755357371|test_txn_007|INIT|BEGIN
1755357371|test_txn_005|ABORTING|ABORT_EXPLICIT
1755357371|test_txn_005|ABORTED|ABORTED
1755357371|test_txn_006|ABORTING|ABORT_EXPLICIT
1755357371|test_txn_006|ABORTED|ABORTED
1755357371|test_txn_007|ABORTING|ABORT_EXPLICIT
1755357371|test_txn_007|ABORTED|ABORTED
1755357371|test_txn_lookup|INIT|BEGIN
1755357371|test_txn_lookup|ABORTING|ABORT_EXPLICIT
1755357371|test_txn_lookup|ABORTED|ABORTED
1755357622|stress_t3_txn_0|INIT|BEGIN
1755357622|stress_t2_txn_0|INIT|BEGIN
1755357622|stress_t0_txn_0|INIT|BEGIN
1755357622|stress_t1_txn_0|INIT|BEGIN
1755357622|stress_t4_txn_0|INIT|BEGIN
1755357622|stress_t3_txn_0|PREPARING|PREPARE_START
1755357622|stress_t0_txn_0|PREPARING|PREPARE_START
1755357622|stress_t1_txn_0|PREPARING|PREPARE_START
1755357622|stress_t2_txn_0|PREPARING|PREPARE_START
1755357622|stress_t4_txn_0|PREPARING|PREPARE_START
1755357622|stress_t0_txn_0|ABORTING|ABORT_START
1755357622|stress_t0_txn_0|ABORTED|ABORTED
1755357622|stress_t2_txn_0|ABORTING|ABORT_START
1755357622|stress_t0_txn_1|INIT|BEGIN
1755357622|stress_t2_txn_0|ABORTED|ABORTED
1755357622|stress_t0_txn_1|PREPARING|PREPARE_START
1755357622|stress_t2_txn_1|INIT|BEGIN
1755357622|stress_t2_txn_1|PREPARING|PREPARE_START
1755357622|stress_t2_txn_1|ABORTING|ABORT_START
1755357622|stress_t2_txn_1|ABORTED|ABORTED
1755357622|stress_t2_txn_2|INIT|BEGIN
1755357622|stress_t2_txn_2|PREPARING|PREPARE_START
1755357622|stress_t4_txn_0|PREPARED|PREPARED
1755357622|stress_t4_txn_0|COMMITTING|COMMIT_START
1755357622|stress_t3_txn_0|PREPARED|PREPARED
1755357622|stress_t3_txn_0|COMMITTING|COMMIT_START
1755357622|stress_t1_txn_0|PREPARED|PREPARED
1755357622|stress_t1_txn_0|COMMITTING|COMMIT_START
1755357622|stress_t4_txn_0|COMMITTED|COMMITTED
1755357622|stress_t0_txn_1|PREPARED|PREPARED
1755357622|stress_t0_txn_1|COMMITTING|COMMIT_START
1755357622|stress_t4_txn_1|INIT|BEGIN
1755357622|stress_t4_txn_1|PREPARING|PREPARE_START
1755357622|stress_t3_txn_0|COMMITTED|COMMITTED
1755357622|stress_t3_txn_1|INIT|BEGIN
1755357622|stress_t3_txn_1|PREPARING|PREPARE_START
1755357622|stress_t2_txn_2|PREPARED|PREPARED
1755357622|stress_t1_txn_0|ABORTING|ABORT_START
1755357622|stress_t2_txn_2|COMMITTING|COMMIT_START
1755357622|stress_t1_txn_0|ABORTED|ABORTED
1755357622|stress_t1_txn_1|INIT|BEGIN
1755357622|stress_t0_txn_1|COMMITTED|COMMITTED
1755357622|stress_t1_txn_1|PREPARING|PREPARE_START
1755357622|stress_t0_txn_2|INIT|BEGIN
1755357622|stress_t0_txn_2|PREPARING|PREPARE_START
1755357622|stress_t0_txn_2|ABORTING|ABORT_START
1755357622|stress_t2_txn_2|COMMITTED|COMMITTED
1755357622|stress_t0_txn_2|ABORTED|ABORTED
1755357622|stress_t2_txn_3|INIT|BEGIN
1755357622|stress_t0_txn_3|INIT|BEGIN
1755357622|stress_t2_txn_3|PREPARING|PREPARE_START
1755357622|stress_t0_txn_3|PREPARING|PREPARE_START
1755357622|stress_t1_txn_1|ABORTING|ABORT_START
1755357622|stress_t1_txn_1|ABORTED|ABORTED
1755357622|stress_t1_txn_2|INIT|BEGIN
1755357622|stress_t1_txn_2|PREPARING|PREPARE_START
1755357622|stress_t4_txn_1|PREPARED|PREPARED
1755357622|stress_t4_txn_1|COMMITTING|COMMIT_START
1755357622|stress_t2_txn_3|PREPARED|PREPARED
1755357622|stress_t0_txn_3|ABORTING|ABORT_START
1755357622|stress_t3_txn_1|PREPARED|PREPARED
1755357622|stress_t2_txn_3|COMMITTING|COMMIT_START
1755357622|stress_t3_txn_1|COMMITTING|COMMIT_START
1755357622|stress_t0_txn_3|ABORTED|ABORTED
1755357622|stress_t0_txn_4|INIT|BEGIN
1755357622|stress_t4_txn_1|COMMITTED|COMMITTED
1755357622|stress_t0_txn_4|PREPARING|PREPARE_START
1755357622|stress_t2_txn_3|COMMITTED|COMMITTED
1755357622|stress_t4_txn_2|INIT|BEGIN
1755357622|stress_t4_txn_2|PREPARING|PREPARE_START
1755357622|stress_t2_txn_4|INIT|BEGIN
1755357622|stress_t2_txn_4|PREPARING|PREPARE_START
1755357622|stress_t1_txn_2|PREPARED|PREPARED
1755357622|stress_t1_txn_2|COMMITTING|COMMIT_START
1755357622|stress_t3_txn_1|COMMITTED|COMMITTED
1755357622|stress_t4_txn_2|PREPARED|PREPARED
1755357622|stress_t4_txn_2|COMMITTING|COMMIT_START
1755357622|stress_t3_txn_2|INIT|BEGIN
1755357622|stress_t1_txn_2|COMMITTED|COMMITTED
1755357622|stress_t3_txn_2|PREPARING|PREPARE_START
1755357622|stress_t1_txn_3|INIT|BEGIN
1755357622|stress_t1_txn_3|PREPARING|PREPARE_START
1755357622|stress_t2_txn_4|PREPARED|PREPARED
1755357622|stress_t4_txn_2|COMMITTED|COMMITTED
1755357622|stress_t2_txn_4|COMMITTING|COMMIT_START
1755357622|stress_t4_txn_3|INIT|BEGIN
1755357622|stress_t4_txn_3|PREPARING|PREPARE_START
1755357622|stress_t0_txn_4|ABORTING|ABORT_START
1755357622|stress_t0_txn_4|ABORTED|ABORTED
1755357622|stress_t2_txn_4|COMMITTED|COMMITTED
1755357622|stress_t2_txn_5|INIT|BEGIN
1755357622|stress_t0_txn_5|INIT|BEGIN
1755357622|stress_t2_txn_5|PREPARING|PREPARE_START
1755357622|stress_t0_txn_5|PREPARING|PREPARE_START
1755357622|stress_t1_txn_3|PREPARED|PREPARED
1755357622|stress_t1_txn_3|COMMITTING|COMMIT_START
1755357622|stress_t3_txn_2|PREPARED|PREPARED
1755357622|stress_t3_txn_2|COMMITTING|COMMIT_START
1755357622|stress_t4_txn_3|PREPARED|PREPARED
1755357622|stress_t4_txn_3|COMMITTING|COMMIT_START
1755357622|stress_t1_txn_3|COMMITTED|COMMITTED
1755357622|stress_t3_txn_2|COMMITTED|COMMITTED
1755357622|stress_t1_txn_4|INIT|BEGIN
1755357622|stress_t2_txn_5|PREPARED|PREPARED
1755357622|stress_t2_txn_5|COMMITTING|COMMIT_START
1755357622|stress_t1_txn_4|PREPARING|PREPARE_START
1755357622|stress_t3_txn_3|INIT|BEGIN
1755357622|stress_t3_txn_3|PREPARING|PREPARE_START
1755357622|stress_t4_txn_3|COMMITTED|COMMITTED
1755357622|stress_t4_txn_4|INIT|BEGIN
1755357622|stress_t0_txn_5|PREPARED|PREPARED
1755357622|stress_t4_txn_4|PREPARING|PREPARE_START
1755357622|stress_t0_txn_5|COMMITTING|COMMIT_START
1755357622|stress_t1_txn_4|PREPARED|PREPARED
1755357622|stress_t1_txn_4|COMMITTING|COMMIT_START
1755357622|stress_t2_txn_5|COMMITTED|COMMITTED
1755357622|stress_t2_txn_6|INIT|BEGIN
1755357622|stress_t2_txn_6|PREPARING|PREPARE_START
1755357622|stress_t0_txn_5|COMMITTED|COMMITTED
1755357622|stress_t0_txn_6|INIT|BEGIN
1755357622|stress_t0_txn_6|PREPARING|PREPARE_START
1755357622|stress_t4_txn_4|ABORTING|ABORT_START
1755357622|stress_t3_txn_3|PREPARED|PREPARED
1755357622|stress_t4_txn_4|ABORTED|ABORTED
1755357622|stress_t3_txn_3|COMMITTING|COMMIT_START
1755357622|stress_t0_txn_6|ABORTING|ABORT_START
1755357622|stress_t0_txn_6|ABORTED|ABORTED
1755357622|stress_t4_txn_5|INIT|BEGIN
1755357622|stress_t4_txn_5|PREPARING|PREPARE_START
1755357622|stress_t0_txn_7|INIT|BEGIN
1755357622|stress_t0_txn_7|PREPARING|PREPARE_START
1755357622|stress_t1_txn_4|COMMITTED|COMMITTED
1755357622|stress_t1_txn_5|INIT|BEGIN
1755357622|stress_t1_txn_5|PREPARING|PREPARE_START
1755357622|stress_t3_txn_3|COMMITTED|COMMITTED
1755357622|stress_t2_txn_6|PREPARED|PREPARED
1755357622|stress_t2_txn_6|COMMITTING|COMMIT_START
1755357622|stress_t3_txn_4|INIT|BEGIN
1755357622|stress_t3_txn_4|PREPARING|PREPARE_START
1755357622|stress_t0_txn_7|PREPARED|PREPARED
1755357622|stress_t0_txn_7|COMMITTING|COMMIT_START
1755357622|stress_t4_txn_5|PREPARED|PREPARED
1755357622|stress_t4_txn_5|COMMITTING|COMMIT_START
1755357622|stress_t0_txn_7|COMMITTED|COMMITTED
1755357622|stress_t2_txn_6|COMMITTED|COMMITTED
1755357622|stress_t0_txn_8|INIT|BEGIN
1755357622|stress_t0_txn_8|PREPARING|PREPARE_START
1755357622|stress_t2_txn_7|INIT|BEGIN
1755357622|stress_t2_txn_7|PREPARING|PREPARE_START
1755357622|stress_t4_txn_5|COMMITTED|COMMITTED
1755357622|stress_t4_txn_6|INIT|BEGIN
1755357622|stress_t3_txn_4|PREPARED|PREPARED
1755357622|stress_t4_txn_6|PREPARING|PREPARE_START
1755357622|stress_t2_txn_7|PREPARED|PREPARED
1755357622|stress_t3_txn_4|COMMITTING|COMMIT_START
1755357622|stress_t2_txn_7|COMMITTING|COMMIT_START
1755357622|stress_t0_txn_8|PREPARED|PREPARED
1755357622|stress_t0_txn_8|COMMITTING|COMMIT_START
1755357622|stress_t1_txn_5|PREPARED|PREPARED
1755357622|stress_t1_txn_5|COMMITTING|COMMIT_START
1755357622|stress_t3_txn_4|COMMITTED|COMMITTED
1755357622|stress_t2_txn_7|COMMITTED|COMMITTED
1755357622|stress_t2_txn_8|INIT|BEGIN
1755357622|stress_t3_txn_5|INIT|BEGIN
1755357622|stress_t3_txn_5|PREPARING|PREPARE_START
1755357622|stress_t2_txn_8|PREPARING|PREPARE_START
1755357622|stress_t0_txn_8|COMMITTED|COMMITTED
1755357622|stress_t0_txn_9|INIT|BEGIN
1755357622|stress_t0_txn_9|PREPARING|PREPARE_START
1755357622|stress_t1_txn_5|COMMITTED|COMMITTED
1755357622|stress_t1_txn_6|INIT|BEGIN
1755357622|stress_t1_txn_6|PREPARING|PREPARE_START
1755357622|stress_t4_txn_6|PREPARED|PREPARED
1755357622|stress_t4_txn_6|COMMITTING|COMMIT_START
1755357622|stress_t0_txn_9|PREPARED|PREPARED
1755357622|stress_t0_txn_9|COMMITTING|COMMIT_START
1755357622|stress_t2_txn_8|PREPARED|PREPARED
1755357622|stress_t3_txn_5|PREPARED|PREPARED
1755357622|stress_t4_txn_6|COMMITTED|COMMITTED
1755357622|stress_t2_txn_8|COMMITTING|COMMIT_START
1755357622|stress_t3_txn_5|COMMITTING|COMMIT_START
1755357622|stress_t4_txn_7|INIT|BEGIN
1755357622|stress_t4_txn_7|PREPARING|PREPARE_START
1755357622|stress_t1_txn_6|PREPARED|PREPARED
1755357622|stress_t1_txn_6|COMMITTING|COMMIT_START
1755357622|stress_t2_txn_8|COMMITTED|COMMITTED
1755357622|stress_t0_txn_9|COMMITTED|COMMITTED
1755357622|stress_t2_txn_9|INIT|BEGIN
1755357622|stress_t3_txn_5|COMMITTED|COMMITTED
1755357622|stress_t2_txn_9|PREPARING|PREPARE_START
1755357622|stress_t3_txn_6|INIT|BEGIN
1755357622|stress_t3_txn_6|PREPARING|PREPARE_START
1755357622|stress_t0_txn_10|INIT|BEGIN
1755357622|stress_t0_txn_10|PREPARING|PREPARE_START
1755357622|stress_t1_txn_6|COMMITTED|COMMITTED
1755357622|stress_t1_txn_7|INIT|BEGIN
1755357622|stress_t1_txn_7|PREPARING|PREPARE_START
1755357622|stress_t4_txn_7|PREPARED|PREPARED
1755357622|stress_t4_txn_7|COMMITTING|COMMIT_START
1755357622|stress_t3_txn_6|ABORTING|ABORT_START
1755357622|stress_t3_txn_6|ABORTED|ABORTED
1755357622|stress_t2_txn_9|PREPARED|PREPARED
1755357622|stress_t2_txn_9|COMMITTING|COMMIT_START
1755357622|stress_t3_txn_7|INIT|BEGIN
1755357622|stress_t3_txn_7|PREPARING|PREPARE_START
1755357622|stress_t0_txn_10|PREPARED|PREPARED
1755357622|stress_t0_txn_10|COMMITTING|COMMIT_START
1755357622|stress_t4_txn_7|COMMITTED|COMMITTED
1755357622|stress_t4_txn_8|INIT|BEGIN
1755357622|stress_t2_txn_9|COMMITTED|COMMITTED
1755357622|stress_t4_txn_8|PREPARING|PREPARE_START
1755357622|stress_t2_txn_10|INIT|BEGIN
1755357622|stress_t2_txn_10|PREPARING|PREPARE_START
1755357622|stress_t4_txn_8|ABORTING|ABORT_START
1755357622|stress_t1_txn_7|PREPARED|PREPARED
1755357622|stress_t4_txn_8|ABORTED|ABORTED
1755357622|stress_t1_txn_7|COMMITTING|COMMIT_START
1755357622|stress_t4_txn_9|INIT|BEGIN
1755357622|stress_t4_txn_9|PREPARING|PREPARE_START
1755357622|stress_t0_txn_10|COMMITTED|COMMITTED
1755357622|stress_t0_txn_11|INIT|BEGIN
1755357622|stress_t0_txn_11|PREPARING|PREPARE_START
1755357622|stress_t1_txn_7|COMMITTED|COMMITTED
1755357622|stress_t1_txn_8|INIT|BEGIN
1755357622|stress_t3_txn_7|PREPARED|PREPARED
1755357622|stress_t1_txn_8|PREPARING|PREPARE_START
1755357622|stress_t3_txn_7|COMMITTING|COMMIT_START
1755357622|stress_t3_txn_7|COMMITTED|COMMITTED
1755357622|stress_t2_txn_10|PREPARED|PREPARED
1755357622|stress_t2_txn_10|COMMITTING|COMMIT_START
1755357622|stress_t4_txn_9|PREPARED|PREPARED
1755357622|stress_t3_txn_8|INIT|BEGIN
1755357622|stress_t4_txn_9|COMMITTING|COMMIT_START
1755357622|stress_t3_txn_8|PREPARING|PREPARE_START
1755357622|stress_t2_txn_10|COMMITTED|COMMITTED
1755357622|stress_t2_txn_11|INIT|BEGIN
1755357622|stress_t2_txn_11|PREPARING|PREPARE_START
1755357622|stress_t1_txn_8|ABORTING|ABORT_START
1755357622|stress_t4_txn_9|COMMITTED|COMMITTED
1755357622|stress_t0_txn_11|PREPARED|PREPARED
1755357622|stress_t0_txn_11|COMMITTING|COMMIT_START
1755357622|stress_t1_txn_8|ABORTED|ABORTED
1755357622|stress_t4_txn_10|INIT|BEGIN
1755357622|stress_t3_txn_8|PREPARED|PREPARED
1755357622|stress_t4_txn_10|PREPARING|PREPARE_START
1755357622|stress_t3_txn_8|COMMITTING|COMMIT_START
1755357622|stress_t1_txn_9|INIT|BEGIN
1755357622|stress_t1_txn_9|PREPARING|PREPARE_START
1755357622|stress_t2_txn_11|PREPARED|PREPARED
1755357622|stress_t2_txn_11|COMMITTING|COMMIT_START
1755357622|stress_t0_txn_11|COMMITTED|COMMITTED
1755357622|stress_t0_txn_12|INIT|BEGIN
1755357622|stress_t0_txn_12|PREPARING|PREPARE_START
1755357622|stress_t3_txn_8|COMMITTED|COMMITTED
1755357622|stress_t3_txn_9|INIT|BEGIN
1755357622|stress_t3_txn_9|PREPARING|PREPARE_START
1755357622|stress_t2_txn_11|COMMITTED|COMMITTED
1755357622|stress_t4_txn_10|PREPARED|PREPARED
1755357622|stress_t2_txn_12|INIT|BEGIN
1755357622|stress_t4_txn_10|COMMITTING|COMMIT_START
1755357622|stress_t2_txn_12|PREPARING|PREPARE_START
1755357622|stress_t1_txn_9|PREPARED|PREPARED
1755357622|stress_t1_txn_9|COMMITTING|COMMIT_START
1755357622|stress_t4_txn_10|COMMITTED|COMMITTED
1755357622|stress_t4_txn_11|INIT|BEGIN
1755357622|stress_t4_txn_11|PREPARING|PREPARE_START
1755357622|stress_t0_txn_12|PREPARED|PREPARED
1755357622|stress_t0_txn_12|COMMITTING|COMMIT_START
1755357622|stress_t1_txn_9|COMMITTED|COMMITTED
1755357622|stress_t1_txn_10|INIT|BEGIN
1755357622|stress_t1_txn_10|PREPARING|PREPARE_START
1755357622|stress_t2_txn_12|PREPARED|PREPARED
1755357622|stress_t2_txn_12|COMMITTING|COMMIT_START
1755357622|stress_t0_txn_12|COMMITTED|COMMITTED
1755357622|stress_t3_txn_9|PREPARED|PREPARED
1755357622|stress_t0_txn_13|INIT|BEGIN
1755357622|stress_t3_txn_9|COMMITTING|COMMIT_START
1755357622|stress_t0_txn_13|PREPARING|PREPARE_START
1755357622|stress_t4_txn_11|PREPARED|PREPARED
1755357622|stress_t2_txn_12|ABORTING|ABORT_START
1755357622|stress_t4_txn_11|COMMITTING|COMMIT_START
1755357622|stress_t2_txn_12|ABORTED|ABORTED
1755357622|stress_t2_txn_13|INIT|BEGIN
1755357622|stress_t2_txn_13|PREPARING|PREPARE_START
1755357622|stress_t3_txn_9|COMMITTED|COMMITTED
1755357622|stress_t0_txn_13|PREPARED|PREPARED
1755357622|stress_t4_txn_11|COMMITTED|COMMITTED
1755357622|stress_t0_txn_13|COMMITTING|COMMIT_START
1755357622|stress_t3_txn_10|INIT|BEGIN
1755357622|stress_t3_txn_10|PREPARING|PREPARE_START
1755357622|stress_t4_txn_12|INIT|BEGIN
1755357622|stress_t4_txn_12|PREPARING|PREPARE_START
1755357622|stress_t1_txn_10|PREPARED|PREPARED
1755357622|stress_t1_txn_10|COMMITTING|COMMIT_START
1755357622|stress_t3_txn_10|ABORTING|ABORT_START
1755357622|stress_t3_txn_10|ABORTED|ABORTED
1755357622|stress_t1_txn_10|COMMITTED|COMMITTED
1755357622|stress_t0_txn_13|COMMITTED|COMMITTED
1755357622|stress_t1_txn_11|INIT|BEGIN
1755357622|stress_t3_txn_11|INIT|BEGIN
1755357622|stress_t1_txn_11|PREPARING|PREPARE_START
1755357622|stress_t3_txn_11|PREPARING|PREPARE_START
1755357622|stress_t0_txn_14|INIT|BEGIN
1755357622|stress_t0_txn_14|PREPARING|PREPARE_START
1755357622|stress_t4_txn_12|PREPARED|PREPARED
1755357622|stress_t4_txn_12|COMMITTING|COMMIT_START
1755357622|stress_t2_txn_13|PREPARED|PREPARED
1755357622|stress_t2_txn_13|COMMITTING|COMMIT_START
1755357622|stress_t4_txn_12|COMMITTED|COMMITTED
1755357622|stress_t4_txn_13|INIT|BEGIN
1755357622|stress_t4_txn_13|PREPARING|PREPARE_START
1755357622|stress_t2_txn_13|COMMITTED|COMMITTED
1755357622|stress_t1_txn_11|PREPARED|PREPARED
1755357622|stress_t1_txn_11|COMMITTING|COMMIT_START
1755357622|stress_t2_txn_14|INIT|BEGIN
1755357622|stress_t3_txn_11|ABORTING|ABORT_START
1755357622|stress_t2_txn_14|PREPARING|PREPARE_START
1755357622|stress_t3_txn_11|ABORTED|ABORTED
1755357622|stress_t3_txn_12|INIT|BEGIN
1755357622|stress_t3_txn_12|PREPARING|PREPARE_START
1755357622|stress_t1_txn_11|COMMITTED|COMMITTED
1755357622|stress_t1_txn_12|INIT|BEGIN
1755357622|stress_t1_txn_12|PREPARING|PREPARE_START
1755357622|stress_t0_txn_14|PREPARED|PREPARED
1755357622|stress_t0_txn_14|COMMITTING|COMMIT_START
1755357622|stress_t4_txn_13|PREPARED|PREPARED
1755357622|stress_t3_txn_12|ABORTING|ABORT_START
1755357622|stress_t4_txn_13|COMMITTING|COMMIT_START
1755357622|stress_t1_txn_12|PREPARED|PREPARED
1755357622|stress_t3_txn_12|ABORTED|ABORTED
1755357622|stress_t1_txn_12|COMMITTING|COMMIT_START
1755357622|stress_t3_txn_13|INIT|BEGIN
1755357622|stress_t3_txn_13|PREPARING|PREPARE_START
1755357622|stress_t0_txn_14|COMMITTED|COMMITTED
1755357622|stress_t2_txn_14|PREPARED|PREPARED
1755357622|stress_t0_txn_15|INIT|BEGIN
1755357622|stress_t2_txn_14|COMMITTING|COMMIT_START
1755357622|stress_t0_txn_15|PREPARING|PREPARE_START
1755357622|stress_t2_txn_14|COMMITTED|COMMITTED
1755357622|stress_t4_txn_13|COMMITTED|COMMITTED
1755357622|stress_t4_txn_14|INIT|BEGIN
1755357622|stress_t2_txn_15|INIT|BEGIN
1755357622|stress_t4_txn_14|PREPARING|PREPARE_START
1755357622|stress_t2_txn_15|PREPARING|PREPARE_START
1755357622|stress_t1_txn_12|COMMITTED|COMMITTED
1755357622|stress_t1_txn_13|INIT|BEGIN
1755357622|stress_t2_txn_15|ABORTING|ABORT_START
1755357622|stress_t1_txn_13|PREPARING|PREPARE_START
1755357622|stress_t2_txn_15|ABORTED|ABORTED
1755357622|stress_t2_txn_16|INIT|BEGIN
1755357622|stress_t0_txn_15|PREPARED|PREPARED
1755357622|stress_t0_txn_15|COMMITTING|COMMIT_START
1755357622|stress_t2_txn_16|PREPARING|PREPARE_START
1755357622|stress_t1_txn_13|ABORTING|ABORT_START
1755357622|stress_t1_txn_13|ABORTED|ABORTED
1755357622|stress_t1_txn_14|INIT|BEGIN
1755357622|stress_t1_txn_14|PREPARING|PREPARE_START
1755357622|stress_t3_txn_13|PREPARED|PREPARED
1755357622|stress_t3_txn_13|COMMITTING|COMMIT_START
1755357622|stress_t4_txn_14|PREPARED|PREPARED
1755357622|stress_t4_txn_14|COMMITTING|COMMIT_START
1755357622|stress_t0_txn_15|COMMITTED|COMMITTED
1755357622|stress_t3_txn_13|COMMITTED|COMMITTED
1755357622|stress_t3_txn_14|INIT|BEGIN
1755357622|stress_t0_txn_16|INIT|BEGIN
1755357622|stress_t3_txn_14|PREPARING|PREPARE_START
1755357622|stress_t4_txn_14|COMMITTED|COMMITTED
1755357622|stress_t0_txn_16|PREPARING|PREPARE_START
1755357622|stress_t4_txn_15|INIT|BEGIN
1755357622|stress_t4_txn_15|PREPARING|PREPARE_START
1755357622|stress_t1_txn_14|PREPARED|PREPARED
1755357622|stress_t1_txn_14|COMMITTING|COMMIT_START
1755357622|stress_t2_txn_16|PREPARED|PREPARED
1755357622|stress_t2_txn_16|COMMITTING|COMMIT_START
1755357622|stress_t3_txn_14|PREPARED|PREPARED
1755357622|stress_t3_txn_14|COMMITTING|COMMIT_START
1755357622|stress_t1_txn_14|COMMITTED|COMMITTED
1755357622|stress_t2_txn_16|COMMITTED|COMMITTED
1755357622|stress_t1_txn_15|INIT|BEGIN
1755357622|stress_t1_txn_15|PREPARING|PREPARE_START
1755357622|stress_t2_txn_17|INIT|BEGIN
1755357622|stress_t2_txn_17|PREPARING|PREPARE_START
1755357622|stress_t0_txn_16|PREPARED|PREPARED
1755357622|stress_t0_txn_16|COMMITTING|COMMIT_START
1755357622|stress_t3_txn_14|COMMITTED|COMMITTED
1755357622|stress_t3_txn_15|INIT|BEGIN
1755357622|stress_t4_txn_15|ABORTING|ABORT_START
1755357622|stress_t3_txn_15|PREPARING|PREPARE_START
1755357622|stress_t4_txn_15|ABORTED|ABORTED
1755357622|stress_t0_txn_16|COMMITTED|COMMITTED
1755357622|stress_t1_txn_15|ABORTING|ABORT_START
1755357622|stress_t4_txn_16|INIT|BEGIN
1755357622|stress_t4_txn_16|PREPARING|PREPARE_START
1755357622|stress_t1_txn_15|ABORTED|ABORTED
1755357622|stress_t0_txn_17|INIT|BEGIN
1755357622|stress_t0_txn_17|PREPARING|PREPARE_START
1755357622|stress_t2_txn_17|PREPARED|PREPARED
1755357622|stress_t1_txn_16|INIT|BEGIN
1755357622|stress_t2_txn_17|COMMITTING|COMMIT_START
1755357622|stress_t1_txn_16|PREPARING|PREPARE_START
1755357622|stress_t3_txn_15|PREPARED|PREPARED
1755357622|stress_t3_txn_15|COMMITTING|COMMIT_START
1755357622|stress_t0_txn_17|PREPARED|PREPARED
1755357622|stress_t0_txn_17|COMMITTING|COMMIT_START
1755357622|stress_t2_txn_17|COMMITTED|COMMITTED
1755357622|stress_t2_txn_18|INIT|BEGIN
1755357622|stress_t2_txn_18|PREPARING|PREPARE_START
1755357622|stress_t4_txn_16|PREPARED|PREPARED
1755357622|stress_t4_txn_16|COMMITTING|COMMIT_START
1755357622|stress_t3_txn_15|COMMITTED|COMMITTED
1755357622|stress_t4_txn_16|COMMITTED|COMMITTED
1755357622|stress_t0_txn_17|COMMITTED|COMMITTED
1755357622|stress_t3_txn_16|INIT|BEGIN
1755357622|stress_t1_txn_16|PREPARED|PREPARED
1755357622|stress_t1_txn_16|COMMITTING|COMMIT_START
1755357622|stress_t3_txn_16|PREPARING|PREPARE_START
1755357622|stress_t4_txn_17|INIT|BEGIN
1755357622|stress_t4_txn_17|PREPARING|PREPARE_START
1755357622|stress_t0_txn_18|INIT|BEGIN
1755357622|stress_t0_txn_18|PREPARING|PREPARE_START
1755357622|stress_t2_txn_18|PREPARED|PREPARED
1755357622|stress_t1_txn_16|COMMITTED|COMMITTED
1755357622|stress_t2_txn_18|COMMITTING|COMMIT_START
1755357622|stress_t1_txn_17|INIT|BEGIN
1755357622|stress_t1_txn_17|PREPARING|PREPARE_START
1755357622|stress_t3_txn_16|PREPARED|PREPARED
1755357622|stress_t3_txn_16|COMMITTING|COMMIT_START
1755357622|stress_t0_txn_18|PREPARED|PREPARED
1755357622|stress_t4_txn_17|PREPARED|PREPARED
1755357622|stress_t0_txn_18|COMMITTING|COMMIT_START
1755357622|stress_t4_txn_17|COMMITTING|COMMIT_START
1755357622|stress_t0_txn_18|COMMITTED|COMMITTED
1755357622|stress_t3_txn_16|COMMITTED|COMMITTED
1755357622|stress_t0_txn_19|INIT|BEGIN
1755357622|stress_t2_txn_18|ABORTING|ABORT_START
1755357622|stress_t0_txn_19|PREPARING|PREPARE_START
1755357622|stress_t4_txn_17|COMMITTED|COMMITTED
1755357622|stress_t3_txn_17|INIT|BEGIN
1755357622|stress_t2_txn_18|ABORTED|ABORTED
1755357622|stress_t3_txn_17|PREPARING|PREPARE_START
1755357622|stress_t2_txn_19|INIT|BEGIN
1755357622|stress_t4_txn_18|INIT|BEGIN
1755357622|stress_t2_txn_19|PREPARING|PREPARE_START
1755357622|stress_t4_txn_18|PREPARING|PREPARE_START
1755357622|stress_t1_txn_17|ABORTING|ABORT_START
1755357622|stress_t1_txn_17|ABORTED|ABORTED
1755357622|stress_t0_txn_19|PREPARED|PREPARED
1755357622|stress_t0_txn_19|COMMITTING|COMMIT_START
1755357622|stress_t1_txn_18|INIT|BEGIN
1755357622|stress_t1_txn_18|PREPARING|PREPARE_START
1755357622|stress_t4_txn_18|PREPARED|PREPARED
1755357622|stress_t4_txn_18|COMMITTING|COMMIT_START
1755357622|stress_t3_txn_17|PREPARED|PREPARED
1755357622|stress_t2_txn_19|ABORTING|ABORT_START
1755357622|stress_t3_txn_17|COMMITTING|COMMIT_START
1755357622|stress_t2_txn_19|ABORTED|ABORTED
1755357622|stress_t0_txn_19|COMMITTED|COMMITTED
1755357622|stress_t4_txn_18|COMMITTED|COMMITTED
1755357622|stress_t4_txn_19|INIT|BEGIN
1755357622|stress_t4_txn_19|PREPARING|PREPARE_START
1755357622|stress_t3_txn_17|COMMITTED|COMMITTED
1755357622|stress_t3_txn_18|INIT|BEGIN
1755357622|stress_t3_txn_18|PREPARING|PREPARE_START
1755357622|stress_t1_txn_18|PREPARED|PREPARED
1755357622|stress_t1_txn_18|COMMITTING|COMMIT_START
1755357622|stress_t3_txn_18|ABORTING|ABORT_START
1755357622|stress_t3_txn_18|ABORTED|ABORTED
1755357622|stress_t4_txn_19|ABORTING|ABORT_START
1755357622|stress_t3_txn_19|INIT|BEGIN
1755357622|stress_t4_txn_19|ABORTED|ABORTED
1755357622|stress_t3_txn_19|PREPARING|PREPARE_START
1755357622|stress_t1_txn_18|COMMITTED|COMMITTED
1755357622|stress_t1_txn_19|INIT|BEGIN
1755357622|stress_t1_txn_19|PREPARING|PREPARE_START
1755357622|stress_t3_txn_19|PREPARED|PREPARED
1755357622|stress_t3_txn_19|COMMITTING|COMMIT_START
1755357622|stress_t3_txn_19|ABORTING|ABORT_START
1755357622|stress_t3_txn_19|ABORTED|ABORTED
1755357622|stress_t1_txn_19|PREPARED|PREPARED
1755357622|stress_t1_txn_19|COMMITTING|COMMIT_START
1755357622|stress_t1_txn_19|COMMITTED|COMMITTED
1755663722|visa_2pc_basic_001_1755663722|INIT|BEGIN
